d:\abricotgame\serveur\serveur\debug\vc140.pdb
d:\abricotgame\serveur\serveur\debug\vc140.idb
d:\abricotgame\serveur\serveur\debug\caracteristiques.nativecodeanalysis.xml
d:\abricotgame\serveur\serveur\debug\coordinates.nativecodeanalysis.xml
d:\abricotgame\serveur\serveur\debug\effet.nativecodeanalysis.xml
d:\abricotgame\serveur\serveur\debug\entitee.nativecodeanalysis.xml
d:\abricotgame\serveur\serveur\debug\main.nativecodeanalysis.xml
d:\abricotgame\serveur\serveur\debug\mob.nativecodeanalysis.xml
d:\abricotgame\serveur\serveur\debug\spell.nativecodeanalysis.xml
d:\abricotgame\serveur\serveur\debug\typemob.nativecodeanalysis.xml
d:\abricotgame\serveur\serveur\debug\typemob.obj
d:\abricotgame\serveur\serveur\debug\spell.obj
d:\abricotgame\serveur\serveur\debug\mob.obj
d:\abricotgame\serveur\serveur\debug\main.obj
d:\abricotgame\serveur\serveur\debug\entitee.obj
d:\abricotgame\serveur\serveur\debug\effet.obj
d:\abricotgame\serveur\serveur\debug\coordinates.obj
d:\abricotgame\serveur\serveur\debug\caracteristiques.obj
d:\abricotgame\serveur\serveur\debug\serveur.ilk
d:\abricotgame\serveur\serveur\debug\serveur.exe
d:\abricotgame\serveur\serveur\debug\serveur.pdb
d:\abricotgame\serveur\serveur\debug\nativecodeanalysis.read.1.tlog
d:\abricotgame\serveur\serveur\debug\vc.nativecodeanalysis.all.xml
d:\abricotgame\serveur\serveur\debug\serveur.exe.lastcodeanalysissucceeded
d:\abricotgame\serveur\serveur\debug\serveur.tlog\cl.command.1.tlog
d:\abricotgame\serveur\serveur\debug\serveur.tlog\cl.read.1.tlog
d:\abricotgame\serveur\serveur\debug\serveur.tlog\cl.write.1.tlog
d:\abricotgame\serveur\serveur\debug\serveur.tlog\link.command.1.tlog
d:\abricotgame\serveur\serveur\debug\serveur.tlog\link.read.1.tlog
d:\abricotgame\serveur\serveur\debug\serveur.tlog\link.write.1.tlog
